2018-01-16 18:28:22 [jedisLock.JedisLockManager]-[ERROR] 操作redis花费的时间:42691
			java.lang.Thread.getStackTrace(Thread.java:1589)
			jedisLock.JedisLockManager.doInJedis(JedisLockManager.java:104)
			jedisLock.JedisLockManager.eval(JedisLockManager.java:70)
			jedisLock.JedisLock.tryAcquire(JedisLock.java:184)
			jedisLock.JedisLock.lockInterruptibly(JedisLock.java:81)
			jedisLock.JedisLock.lockInterruptibly(JedisLock.java:76)
			jedisLock.JedisLock.lock(JedisLock.java:59)
			jedisLock.TestJlock.main(TestJlock.java:12)

 2018-01-16 19:58:35 [jedisLock.JedisLockManager]-[ERROR] 
 redis.clients.jedis.exceptions.JedisConnectionException: Unknown reply: 2
	at redis.clients.jedis.Protocol.process(Protocol.java:164)
	at redis.clients.jedis.Protocol.read(Protocol.java:215)
	at redis.clients.jedis.Connection.readProtocolWithCheckingBroken(Connection.java:340)
	at redis.clients.jedis.Connection.getOne(Connection.java:322)
	at redis.clients.jedis.Jedis.getEvalResult(Jedis.java:2731)
	at redis.clients.jedis.Jedis.eval(Jedis.java:2671)
	at redis.clients.jedis.Jedis.eval(Jedis.java:2719)
	at jedisLock.JedisLockManager$3.apply(JedisLockManager.java:73)
	at jedisLock.JedisLockManager.doInJedis(JedisLockManager.java:100)
	at jedisLock.JedisLockManager.eval(JedisLockManager.java:70)
	at jedisLock.JedisLock.tryAcquire(JedisLock.java:182)
	at jedisLock.JedisLock.lockInterruptibly(JedisLock.java:91)
	at jedisLock.JedisLock.lockInterruptibly(JedisLock.java:75)
	at jedisLock.JedisLock.lock(JedisLock.java:59)
	at jedisLock.TestJlock$1.run(TestJlock.java:15)
	at java.lang.Thread.run(Thread.java:745)
2018-01-16 20:23:16 [jedisLock.JedisLockManager]-[ERROR] 
 redis.clients.jedis.exceptions.JedisConnectionException: Unknown reply: 0
	at redis.clients.jedis.Protocol.process(Protocol.java:164)
	at redis.clients.jedis.Protocol.processMultiBulkReply(Protocol.java:206)
	at redis.clients.jedis.Protocol.process(Protocol.java:157)
	at redis.clients.jedis.Protocol.read(Protocol.java:215)
	at redis.clients.jedis.Connection.readProtocolWithCheckingBroken(Connection.java:340)
	at redis.clients.jedis.Connection.getOne(Connection.java:322)
	at redis.clients.jedis.Jedis.getEvalResult(Jedis.java:2731)
	at redis.clients.jedis.Jedis.eval(Jedis.java:2671)
	at redis.clients.jedis.Jedis.eval(Jedis.java:2719)
	at jedisLock.JedisLockManager$3.apply(JedisLockManager.java:73)
	at jedisLock.JedisLockManager.doInJedis(JedisLockManager.java:100)
	at jedisLock.JedisLockManager.eval(JedisLockManager.java:70)
	at jedisLock.JedisLock.unlock(JedisLock.java:111)
	at jedisLock.TestJlock$2.run(TestJlock.java:27)
	at java.lang.Thread.run(Thread.java:745)
2018-01-16 20:23:16 [jedisLock.JedisLockManager]-[ERROR] 
 redis.clients.jedis.exceptions.JedisConnectionException: Unknown reply: 1
	at redis.clients.jedis.Protocol.process(Protocol.java:164)
	at redis.clients.jedis.Protocol.read(Protocol.java:215)
	at redis.clients.jedis.Connection.readProtocolWithCheckingBroken(Connection.java:340)
	at redis.clients.jedis.Connection.getOne(Connection.java:322)
	at redis.clients.jedis.Jedis.getEvalResult(Jedis.java:2731)
	at redis.clients.jedis.Jedis.eval(Jedis.java:2671)
	at redis.clients.jedis.Jedis.eval(Jedis.java:2719)
	at jedisLock.JedisLockManager$3.apply(JedisLockManager.java:73)
	at jedisLock.JedisLockManager.doInJedis(JedisLockManager.java:100)
	at jedisLock.JedisLockManager.eval(JedisLockManager.java:70)
	at jedisLock.JedisLock.unlock(JedisLock.java:111)
	at jedisLock.TestJlock$1.run(TestJlock.java:17)
	at java.lang.Thread.run(Thread.java:745)
2018-01-16 20:23:16 [jedisLock.JedisLockManager]-[ERROR] 
 redis.clients.jedis.exceptions.JedisConnectionException: Unknown reply: b
	at redis.clients.jedis.Protocol.process(Protocol.java:164)
	at redis.clients.jedis.Protocol.read(Protocol.java:215)
	at redis.clients.jedis.Connection.readProtocolWithCheckingBroken(Connection.java:340)
	at redis.clients.jedis.Connection.getOne(Connection.java:322)
	at redis.clients.jedis.Jedis.getEvalResult(Jedis.java:2731)
	at redis.clients.jedis.Jedis.eval(Jedis.java:2671)
	at redis.clients.jedis.Jedis.eval(Jedis.java:2719)
	at jedisLock.JedisLockManager$3.apply(JedisLockManager.java:73)
	at jedisLock.JedisLockManager.doInJedis(JedisLockManager.java:100)
	at jedisLock.JedisLockManager.eval(JedisLockManager.java:70)
	at jedisLock.JedisLock.tryAcquire(JedisLock.java:182)
	at jedisLock.JedisLock.lockInterruptibly(JedisLock.java:80)
	at jedisLock.JedisLock.lockInterruptibly(JedisLock.java:75)
	at jedisLock.JedisLock.lock(JedisLock.java:59)
	at jedisLock.TestJlock$2.run(TestJlock.java:25)
	at java.lang.Thread.run(Thread.java:745)
2018-01-16 20:23:16 [jedisLock.JedisLockManager]-[ERROR] 
 redis.clients.jedis.exceptions.JedisConnectionException: Unknown reply: s
	at redis.clients.jedis.Protocol.process(Protocol.java:164)
	at redis.clients.jedis.Protocol.read(Protocol.java:215)
	at redis.clients.jedis.Connection.readProtocolWithCheckingBroken(Connection.java:340)
	at redis.clients.jedis.Connection.getOne(Connection.java:322)
	at redis.clients.jedis.Jedis.getEvalResult(Jedis.java:2731)
	at redis.clients.jedis.Jedis.eval(Jedis.java:2671)
	at redis.clients.jedis.Jedis.eval(Jedis.java:2719)
	at jedisLock.JedisLockManager$3.apply(JedisLockManager.java:73)
	at jedisLock.JedisLockManager.doInJedis(JedisLockManager.java:100)
	at jedisLock.JedisLockManager.eval(JedisLockManager.java:70)
	at jedisLock.JedisLock.unlock(JedisLock.java:111)
	at jedisLock.TestJlock$2.run(TestJlock.java:27)
	at java.lang.Thread.run(Thread.java:745)
2018-01-16 20:23:16 [jedisLock.JedisLockManager]-[ERROR] 
 redis.clients.jedis.exceptions.JedisConnectionException: Unknown reply: c
	at redis.clients.jedis.Protocol.process(Protocol.java:164)
	at redis.clients.jedis.Protocol.read(Protocol.java:215)
	at redis.clients.jedis.Connection.readProtocolWithCheckingBroken(Connection.java:340)
	at redis.clients.jedis.Connection.getOne(Connection.java:322)
	at redis.clients.jedis.Jedis.getEvalResult(Jedis.java:2731)
	at redis.clients.jedis.Jedis.eval(Jedis.java:2671)
	at redis.clients.jedis.Jedis.eval(Jedis.java:2719)
	at jedisLock.JedisLockManager$3.apply(JedisLockManager.java:73)
	at jedisLock.JedisLockManager.doInJedis(JedisLockManager.java:100)
	at jedisLock.JedisLockManager.eval(JedisLockManager.java:70)
	at jedisLock.JedisLock.tryAcquire(JedisLock.java:182)
	at jedisLock.JedisLock.lockInterruptibly(JedisLock.java:80)
	at jedisLock.JedisLock.lockInterruptibly(JedisLock.java:75)
	at jedisLock.JedisLock.lock(JedisLock.java:59)
	at jedisLock.TestJlock$2.run(TestJlock.java:25)
	at java.lang.Thread.run(Thread.java:745)
2018-01-16 20:23:16 [jedisLock.JedisLockManager]-[ERROR] 
 redis.clients.jedis.exceptions.JedisConnectionException: Unknown reply: r
	at redis.clients.jedis.Protocol.process(Protocol.java:164)
	at redis.clients.jedis.Protocol.read(Protocol.java:215)
	at redis.clients.jedis.Connection.readProtocolWithCheckingBroken(Connection.java:340)
	at redis.clients.jedis.Connection.getOne(Connection.java:322)
	at redis.clients.jedis.Jedis.getEvalResult(Jedis.java:2731)
	at redis.clients.jedis.Jedis.eval(Jedis.java:2671)
	at redis.clients.jedis.Jedis.eval(Jedis.java:2719)
	at jedisLock.JedisLockManager$3.apply(JedisLockManager.java:73)
	at jedisLock.JedisLockManager.doInJedis(JedisLockManager.java:100)
	at jedisLock.JedisLockManager.eval(JedisLockManager.java:70)
	at jedisLock.JedisLock.tryAcquire(JedisLock.java:182)
	at jedisLock.JedisLock.lockInterruptibly(JedisLock.java:80)
	at jedisLock.JedisLock.lockInterruptibly(JedisLock.java:75)
	at jedisLock.JedisLock.lock(JedisLock.java:59)
	at jedisLock.TestJlock$1.run(TestJlock.java:15)
	at java.lang.Thread.run(Thread.java:745)
2018-01-16 20:23:16 [jedisLock.JedisLockManager]-[ERROR] 
 redis.clients.jedis.exceptions.JedisConnectionException: Unknown reply: i
	at redis.clients.jedis.Protocol.process(Protocol.java:164)
	at redis.clients.jedis.Protocol.read(Protocol.java:215)
	at redis.clients.jedis.Connection.readProtocolWithCheckingBroken(Connection.java:340)
	at redis.clients.jedis.Connection.getOne(Connection.java:322)
	at redis.clients.jedis.Jedis.getEvalResult(Jedis.java:2731)
	at redis.clients.jedis.Jedis.eval(Jedis.java:2671)
	at redis.clients.jedis.Jedis.eval(Jedis.java:2719)
	at jedisLock.JedisLockManager$3.apply(JedisLockManager.java:73)
	at jedisLock.JedisLockManager.doInJedis(JedisLockManager.java:100)
	at jedisLock.JedisLockManager.eval(JedisLockManager.java:70)
	at jedisLock.JedisLock.unlock(JedisLock.java:111)
	at jedisLock.TestJlock$1.run(TestJlock.java:17)
	at java.lang.Thread.run(Thread.java:745)
2018-01-16 20:23:16 [jedisLock.JedisLockManager]-[ERROR] 
 redis.clients.jedis.exceptions.JedisConnectionException: Unknown reply: b
	at redis.clients.jedis.Protocol.process(Protocol.java:164)
	at redis.clients.jedis.Protocol.read(Protocol.java:215)
	at redis.clients.jedis.Connection.readProtocolWithCheckingBroken(Connection.java:340)
	at redis.clients.jedis.Connection.getOne(Connection.java:322)
	at redis.clients.jedis.Jedis.getEvalResult(Jedis.java:2731)
	at redis.clients.jedis.Jedis.eval(Jedis.java:2671)
	at redis.clients.jedis.Jedis.eval(Jedis.java:2719)
	at jedisLock.JedisLockManager$3.apply(JedisLockManager.java:73)
	at jedisLock.JedisLockManager.doInJedis(JedisLockManager.java:100)
	at jedisLock.JedisLockManager.eval(JedisLockManager.java:70)
	at jedisLock.JedisLock.tryAcquire(JedisLock.java:182)
	at jedisLock.JedisLock.lockInterruptibly(JedisLock.java:80)
	at jedisLock.JedisLock.lockInterruptibly(JedisLock.java:75)
	at jedisLock.JedisLock.lock(JedisLock.java:59)
	at jedisLock.TestJlock$1.run(TestJlock.java:15)
	at java.lang.Thread.run(Thread.java:745)
2018-01-16 20:23:16 [jedisLock.JedisLockManager]-[ERROR] 
 redis.clients.jedis.exceptions.JedisConnectionException: Unknown reply: e
	at redis.clients.jedis.Protocol.process(Protocol.java:164)
	at redis.clients.jedis.Protocol.read(Protocol.java:215)
	at redis.clients.jedis.Connection.readProtocolWithCheckingBroken(Connection.java:340)
	at redis.clients.jedis.Connection.getOne(Connection.java:322)
	at redis.clients.jedis.Jedis.getEvalResult(Jedis.java:2731)
	at redis.clients.jedis.Jedis.eval(Jedis.java:2671)
	at redis.clients.jedis.Jedis.eval(Jedis.java:2719)
	at jedisLock.JedisLockManager$3.apply(JedisLockManager.java:73)
	at jedisLock.JedisLockManager.doInJedis(JedisLockManager.java:100)
	at jedisLock.JedisLockManager.eval(JedisLockManager.java:70)
	at jedisLock.JedisLock.unlock(JedisLock.java:111)
	at jedisLock.TestJlock$1.run(TestJlock.java:17)
	at java.lang.Thread.run(Thread.java:745)
2018-01-16 20:23:16 [jedisLock.JedisLockManager]-[ERROR] 
 redis.clients.jedis.exceptions.JedisConnectionException: Unknown reply: 
	at redis.clients.jedis.Protocol.process(Protocol.java:164)
	at redis.clients.jedis.Protocol.read(Protocol.java:215)
	at redis.clients.jedis.Connection.readProtocolWithCheckingBroken(Connection.java:340)
	at redis.clients.jedis.Connection.getOne(Connection.java:322)
	at redis.clients.jedis.Jedis.getEvalResult(Jedis.java:2731)
	at redis.clients.jedis.Jedis.eval(Jedis.java:2671)
	at redis.clients.jedis.Jedis.eval(Jedis.java:2719)
	at jedisLock.JedisLockManager$3.apply(JedisLockManager.java:73)
	at jedisLock.JedisLockManager.doInJedis(JedisLockManager.java:100)
	at jedisLock.JedisLockManager.eval(JedisLockManager.java:70)
	at jedisLock.JedisLock.tryAcquire(JedisLock.java:182)
	at jedisLock.JedisLock.lockInterruptibly(JedisLock.java:80)
	at jedisLock.JedisLock.lockInterruptibly(JedisLock.java:75)
	at jedisLock.JedisLock.lock(JedisLock.java:59)
	at jedisLock.TestJlock$1.run(TestJlock.java:15)
	at java.lang.Thread.run(Thread.java:745)
2018-01-16 20:23:16 [jedisLock.JedisLockManager]-[ERROR] 
 redis.clients.jedis.exceptions.JedisConnectionException: Unknown reply: 

	at redis.clients.jedis.Protocol.process(Protocol.java:164)
	at redis.clients.jedis.Protocol.read(Protocol.java:215)
	at redis.clients.jedis.Connection.readProtocolWithCheckingBroken(Connection.java:340)
	at redis.clients.jedis.Connection.getOne(Connection.java:322)
	at redis.clients.jedis.Jedis.getEvalResult(Jedis.java:2731)
	at redis.clients.jedis.Jedis.eval(Jedis.java:2671)
	at redis.clients.jedis.Jedis.eval(Jedis.java:2719)
	at jedisLock.JedisLockManager$3.apply(JedisLockManager.java:73)
	at jedisLock.JedisLockManager.doInJedis(JedisLockManager.java:100)
	at jedisLock.JedisLockManager.eval(JedisLockManager.java:70)
	at jedisLock.JedisLock.unlock(JedisLock.java:111)
	at jedisLock.TestJlock$1.run(TestJlock.java:17)
	at java.lang.Thread.run(Thread.java:745)
2018-01-17 10:02:54 [jedisLock.JedisLockManager]-[ERROR] 操作redis花费的时间:482
			java.lang.Thread.getStackTrace(Thread.java:1589)
			jedisLock.JedisLockManager.doInJedis(JedisLockManager.java:108)
			jedisLock.JedisLockManager.eval(JedisLockManager.java:74)
			jedisLock.JedisLock.tryAcquire(JedisLock.java:173)
			jedisLock.JedisLock.lockInterruptibly(JedisLock.java:86)
			jedisLock.JedisLock.lockInterruptibly(JedisLock.java:72)
			jedisLock.JedisLock.lock(JedisLock.java:56)
			jedisLock.TestJlock$1.run(TestJlock.java:30)
			java.lang.Thread.run(Thread.java:745)

 2018-01-17 10:02:54 [jedisLock.JedisLockManager]-[ERROR] 操作redis花费的时间:479
			java.lang.Thread.getStackTrace(Thread.java:1589)
			jedisLock.JedisLockManager.doInJedis(JedisLockManager.java:108)
			jedisLock.JedisLockManager.eval(JedisLockManager.java:74)
			jedisLock.JedisLock.tryAcquire(JedisLock.java:173)
			jedisLock.JedisLock.lockInterruptibly(JedisLock.java:77)
			jedisLock.JedisLock.lockInterruptibly(JedisLock.java:72)
			jedisLock.JedisLock.lock(JedisLock.java:56)
			jedisLock.TestJlock$4.run(TestJlock.java:101)
			java.lang.Thread.run(Thread.java:745)

 2018-01-17 10:02:54 [jedisLock.JedisLockManager]-[ERROR] 操作redis花费的时间:441
			java.lang.Thread.getStackTrace(Thread.java:1589)
			jedisLock.JedisLockManager.doInJedis(JedisLockManager.java:108)
			jedisLock.JedisLockManager.eval(JedisLockManager.java:74)
			jedisLock.JedisLock.tryAcquire(JedisLock.java:173)
			jedisLock.JedisLock.lockInterruptibly(JedisLock.java:77)
			jedisLock.JedisLock.lockInterruptibly(JedisLock.java:72)
			jedisLock.JedisLock.lock(JedisLock.java:56)
			jedisLock.TestJlock$1.run(TestJlock.java:30)
			java.lang.Thread.run(Thread.java:745)

 2018-01-17 10:02:54 [jedisLock.JedisLockManager]-[ERROR] 操作redis花费的时间:419
			java.lang.Thread.getStackTrace(Thread.java:1589)
			jedisLock.JedisLockManager.doInJedis(JedisLockManager.java:108)
			jedisLock.JedisLockManager.eval(JedisLockManager.java:74)
			jedisLock.JedisLock.tryAcquire(JedisLock.java:173)
			jedisLock.JedisLock.lockInterruptibly(JedisLock.java:77)
			jedisLock.JedisLock.lockInterruptibly(JedisLock.java:72)
			jedisLock.JedisLock.lock(JedisLock.java:56)
			jedisLock.TestJlock$1.run(TestJlock.java:30)
			java.lang.Thread.run(Thread.java:745)

 2018-01-17 10:02:54 [jedisLock.JedisLockManager]-[ERROR] 操作redis花费的时间:428
			java.lang.Thread.getStackTrace(Thread.java:1589)
			jedisLock.JedisLockManager.doInJedis(JedisLockManager.java:108)
			jedisLock.JedisLockManager.eval(JedisLockManager.java:74)
			jedisLock.JedisLock.tryAcquire(JedisLock.java:173)
			jedisLock.JedisLock.lockInterruptibly(JedisLock.java:77)
			jedisLock.JedisLock.lockInterruptibly(JedisLock.java:72)
			jedisLock.JedisLock.lock(JedisLock.java:56)
			jedisLock.TestJlock$2.run(TestJlock.java:53)
			java.lang.Thread.run(Thread.java:745)

 2018-01-17 10:02:54 [jedisLock.JedisLockManager]-[ERROR] 操作redis花费的时间:309
			java.lang.Thread.getStackTrace(Thread.java:1589)
			jedisLock.JedisLockManager.doInJedis(JedisLockManager.java:108)
			jedisLock.JedisLockManager.eval(JedisLockManager.java:74)
			jedisLock.JedisLock.tryAcquire(JedisLock.java:173)
			jedisLock.JedisLock.lockInterruptibly(JedisLock.java:77)
			jedisLock.JedisLock.lockInterruptibly(JedisLock.java:72)
			jedisLock.JedisLock.lock(JedisLock.java:56)
			jedisLock.TestJlock$1.run(TestJlock.java:30)
			java.lang.Thread.run(Thread.java:745)

 2018-01-17 10:02:54 [jedisLock.JedisLockManager]-[ERROR] 操作redis花费的时间:437
			java.lang.Thread.getStackTrace(Thread.java:1589)
			jedisLock.JedisLockManager.doInJedis(JedisLockManager.java:108)
			jedisLock.JedisLockManager.eval(JedisLockManager.java:74)
			jedisLock.JedisLock.tryAcquire(JedisLock.java:173)
			jedisLock.JedisLock.lockInterruptibly(JedisLock.java:77)
			jedisLock.JedisLock.lockInterruptibly(JedisLock.java:72)
			jedisLock.JedisLock.lock(JedisLock.java:56)
			jedisLock.TestJlock$4.run(TestJlock.java:101)
			java.lang.Thread.run(Thread.java:745)

 2018-01-17 10:02:54 [jedisLock.JedisLockManager]-[ERROR] 操作redis花费的时间:337
			java.lang.Thread.getStackTrace(Thread.java:1589)
			jedisLock.JedisLockManager.doInJedis(JedisLockManager.java:108)
			jedisLock.JedisLockManager.eval(JedisLockManager.java:74)
			jedisLock.JedisLock.tryAcquire(JedisLock.java:173)
			jedisLock.JedisLock.lockInterruptibly(JedisLock.java:77)
			jedisLock.JedisLock.lockInterruptibly(JedisLock.java:72)
			jedisLock.JedisLock.lock(JedisLock.java:56)
			jedisLock.TestJlock$3.run(TestJlock.java:77)
			java.lang.Thread.run(Thread.java:745)

 2018-01-17 10:02:54 [jedisLock.JedisLockManager]-[ERROR] 操作redis花费的时间:427
			java.lang.Thread.getStackTrace(Thread.java:1589)
			jedisLock.JedisLockManager.doInJedis(JedisLockManager.java:108)
			jedisLock.JedisLockManager.eval(JedisLockManager.java:74)
			jedisLock.JedisLock.tryAcquire(JedisLock.java:173)
			jedisLock.JedisLock.lockInterruptibly(JedisLock.java:77)
			jedisLock.JedisLock.lockInterruptibly(JedisLock.java:72)
			jedisLock.JedisLock.lock(JedisLock.java:56)
			jedisLock.TestJlock$4.run(TestJlock.java:101)
			java.lang.Thread.run(Thread.java:745)

 2018-01-17 10:02:54 [jedisLock.JedisLockManager]-[ERROR] 操作redis花费的时间:464
			java.lang.Thread.getStackTrace(Thread.java:1589)
			jedisLock.JedisLockManager.doInJedis(JedisLockManager.java:108)
			jedisLock.JedisLockManager.eval(JedisLockManager.java:74)
			jedisLock.JedisLock.tryAcquire(JedisLock.java:173)
			jedisLock.JedisLock.lockInterruptibly(JedisLock.java:77)
			jedisLock.JedisLock.lockInterruptibly(JedisLock.java:72)
			jedisLock.JedisLock.lock(JedisLock.java:56)
			jedisLock.TestJlock$2.run(TestJlock.java:53)
			java.lang.Thread.run(Thread.java:745)

 2018-01-17 10:02:54 [jedisLock.JedisLockManager]-[ERROR] 操作redis花费的时间:416
			java.lang.Thread.getStackTrace(Thread.java:1589)
			jedisLock.JedisLockManager.doInJedis(JedisLockManager.java:108)
			jedisLock.JedisLockManager.eval(JedisLockManager.java:74)
			jedisLock.JedisLock.tryAcquire(JedisLock.java:173)
			jedisLock.JedisLock.lockInterruptibly(JedisLock.java:77)
			jedisLock.JedisLock.lockInterruptibly(JedisLock.java:72)
			jedisLock.JedisLock.lock(JedisLock.java:56)
			jedisLock.TestJlock$2.run(TestJlock.java:53)
			java.lang.Thread.run(Thread.java:745)

 2018-01-17 10:02:54 [jedisLock.JedisLockManager]-[ERROR] 操作redis花费的时间:443
			java.lang.Thread.getStackTrace(Thread.java:1589)
			jedisLock.JedisLockManager.doInJedis(JedisLockManager.java:108)
			jedisLock.JedisLockManager.eval(JedisLockManager.java:74)
			jedisLock.JedisLock.tryAcquire(JedisLock.java:173)
			jedisLock.JedisLock.lockInterruptibly(JedisLock.java:77)
			jedisLock.JedisLock.lockInterruptibly(JedisLock.java:72)
			jedisLock.JedisLock.lock(JedisLock.java:56)
			jedisLock.TestJlock$3.run(TestJlock.java:77)
			java.lang.Thread.run(Thread.java:745)

 2018-01-17 10:02:54 [jedisLock.JedisLockManager]-[ERROR] 操作redis花费的时间:284
			java.lang.Thread.getStackTrace(Thread.java:1589)
			jedisLock.JedisLockManager.doInJedis(JedisLockManager.java:108)
			jedisLock.JedisLockManager.eval(JedisLockManager.java:74)
			jedisLock.JedisLock.tryAcquire(JedisLock.java:173)
			jedisLock.JedisLock.lockInterruptibly(JedisLock.java:77)
			jedisLock.JedisLock.lockInterruptibly(JedisLock.java:72)
			jedisLock.JedisLock.lock(JedisLock.java:56)
			jedisLock.TestJlock$3.run(TestJlock.java:77)
			java.lang.Thread.run(Thread.java:745)

 2018-01-17 10:02:54 [jedisLock.JedisLockManager]-[ERROR] 操作redis花费的时间:457
			java.lang.Thread.getStackTrace(Thread.java:1589)
			jedisLock.JedisLockManager.doInJedis(JedisLockManager.java:108)
			jedisLock.JedisLockManager.eval(JedisLockManager.java:74)
			jedisLock.JedisLock.tryAcquire(JedisLock.java:173)
			jedisLock.JedisLock.lockInterruptibly(JedisLock.java:77)
			jedisLock.JedisLock.lockInterruptibly(JedisLock.java:72)
			jedisLock.JedisLock.lock(JedisLock.java:56)
			jedisLock.TestJlock$4.run(TestJlock.java:101)
			java.lang.Thread.run(Thread.java:745)

 2018-01-17 10:02:54 [jedisLock.JedisLockManager]-[ERROR] 操作redis花费的时间:375
			java.lang.Thread.getStackTrace(Thread.java:1589)
			jedisLock.JedisLockManager.doInJedis(JedisLockManager.java:108)
			jedisLock.JedisLockManager.eval(JedisLockManager.java:74)
			jedisLock.JedisLock.tryAcquire(JedisLock.java:173)
			jedisLock.JedisLock.lockInterruptibly(JedisLock.java:77)
			jedisLock.JedisLock.lockInterruptibly(JedisLock.java:72)
			jedisLock.JedisLock.lock(JedisLock.java:56)
			jedisLock.TestJlock$2.run(TestJlock.java:53)
			java.lang.Thread.run(Thread.java:745)

 2018-01-17 10:02:54 [jedisLock.JedisLockManager]-[ERROR] 操作redis花费的时间:450
			java.lang.Thread.getStackTrace(Thread.java:1589)
			jedisLock.JedisLockManager.doInJedis(JedisLockManager.java:108)
			jedisLock.JedisLockManager.eval(JedisLockManager.java:74)
			jedisLock.JedisLock.tryAcquire(JedisLock.java:173)
			jedisLock.JedisLock.lockInterruptibly(JedisLock.java:77)
			jedisLock.JedisLock.lockInterruptibly(JedisLock.java:72)
			jedisLock.JedisLock.lock(JedisLock.java:56)
			jedisLock.TestJlock$3.run(TestJlock.java:77)
			java.lang.Thread.run(Thread.java:745)

 